[ 1268923ms] [LOG] %c
      __|__
--o--o--(_)--o--o--
   SKYLINE RUN ✈️

You opened the console — you're one of us.
The whole game is open source:
⭐ https://github.com/anshaneja5/skyline-run color:#d94a38;font-weight:bold @ http://localhost:5173/src/main.ts?t=1783890802188:213
[ 1268938ms] [ERROR] Failed to load resource: the server responded with a status of 404 (Not Found) @ http://localhost:5173/api/stars:0
[ 1274354ms] [LOG] %c
      __|__
--o--o--(_)--o--o--
   SKYLINE RUN ✈️

You opened the console — you're one of us.
The whole game is open source:
⭐ https://github.com/anshaneja5/skyline-run color:#d94a38;font-weight:bold @ http://localhost:5173/src/main.ts?t=1783890807594:215
[ 1274366ms] [ERROR] Failed to load resource: the server responded with a status of 404 (Not Found) @ http://localhost:5173/api/stars:0
[ 1544351ms] [LOG] %c
      __|__
--o--o--(_)--o--o--
   SKYLINE RUN ✈️

You opened the console — you're one of us.
The whole game is open source:
⭐ https://github.com/anshaneja5/skyline-run color:#d94a38;font-weight:bold @ http://localhost:5173/src/main.ts?t=1783891076369:214
